#
# There is insufficient memory for the Java Runtime Environment to continue.
# Native memory allocation (malloc) failed to allocate 17835608 bytes. Error detail: Chunk::new
# Possible reasons:
#   The system is out of physical RAM or swap space
#   This process is running with CompressedOops enabled, and the Java Heap may be blocking the growth of the native heap
# Possible solutions:
#   Reduce memory load on the system
#   Increase physical memory or swap space
#   Check if swap backing store is full
#   Decrease Java heap size (-Xmx/-Xms)
#   Decrease number of Java threads
#   Decrease Java thread stack sizes (-Xss)
#   Set larger code cache with -XX:ReservedCodeCacheSize=
#   JVM is running with Zero Based Compressed Oops mode in which the Java heap is
#     placed in the first 32GB address space. The Java Heap base address is the
#     maximum limit for the native heap growth. Please use -XX:HeapBaseMinAddress
#     to set the Java Heap base and to place the Java Heap above 32GB virtual address.
# This output file may be truncated or incomplete.
#
#  Out of Memory Error (arena.cpp:186), pid=4724, tid=17748
#
# JRE version: Java(TM) SE Runtime Environment (25.0+37) (build 25+37-LTS-3491)
# Java VM: Java HotSpot(TM) 64-Bit Server VM (25+37-LTS-3491, mixed mode, sharing, tiered, compressed oops, compressed class ptrs, g1 gc, windows-amd64)
# No core dump will be written. Minidumps are not enabled by default on client versions of Windows
#

---------------  S U M M A R Y ------------

Command Line: -XX:+ShowCodeDetailsInExceptionMessages com.nave.spring356.nave.NaveApplication

Host: Intel(R) Core(TM) i3-6006U CPU @ 2.00GHz, 4 cores, 11G,  Windows 10 , 64 bit Build 19041 (10.0.19041.5915)
Time: Sun Oct 12 20:59:00 2025 Hora de verano romance elapsed time: 38.552734 seconds (0d 0h 0m 38s)

---------------  T H R E A D  ---------------

Current thread (0x0000026241a1e780):  JavaThread "C2 CompilerThread0" daemon [_thread_in_native, id=17748, stack(0x000000795c100000,0x000000795c200000) (1024K)]


Current CompileTask:
C2:38552 6804       4       org.springframework.beans.factory.support.AbstractBeanFactory::isTypeMatch (745 bytes)

Stack: [0x000000795c100000,0x000000795c200000]
Native frames: (J=compiled Java code, j=interpreted, Vv=VM code, C=native code)
V  [jvm.dll+0x7a6a39]  (no source info available)
V  [jvm.dll+0x7727ed]  (no source info available)
V  [jvm.dll+0x965f33]  (no source info available)
V  [jvm.dll+0x968531]  (no source info available)
V  [jvm.dll+0x968c33]  (no source info available)
V  [jvm.dll+0x2fc756]  (no source info available)
V  [jvm.dll+0x111b26]  (no source info available)
V  [jvm.dll+0x111e4e]  (no source info available)
V  [jvm.dll+0x1a0a22]  (no source info available)
V  [jvm.dll+0x3b53c2]  (no source info available)
V  [jvm.dll+0x7ac3cf]  (no source info available)
V  [jvm.dll+0x2c0ac7]  (no source info available)
V  [jvm.dll+0x2bfa8f]  (no source info available)
V  [jvm.dll+0x237b60]  (no source info available)
V  [jvm.dll+0x2cfb56]  (no source info available)
V  [jvm.dll+0x2cddd5]  (no source info available)
V  [jvm.dll+0x48e671]  (no source info available)
V  [jvm.dll+0x90681d]  (no source info available)
V  [jvm.dll+0x7a5015]  (no source info available)
C  [ucrtbase.dll+0x21bb2]  (no source info available)
C  [KERNEL32.DLL+0x17374]  (no source info available)
C  [ntdll.dll+0x4cc91]  (no source info available)

Lock stack of current Java thread (top to bottom):


---------------  P R O C E S S  ---------------

Threads class SMR info:
_java_thread_list=0x0000026266ce7d50, length=21, elements={
0x0000026241a08980, 0x000002625f2a7c50, 0x000002625f2a8c30, 0x000002625f2a9c10,
0x000002625f2ab7e0, 0x000002625f2ac3a0, 0x000002625f2acf60, 0x0000026241a1e780,
0x0000026241a23820, 0x000002625f34fd90, 0x000002625f350750, 0x00000262649ef6a0,
0x00000262649f1580, 0x0000026264784440, 0x00000262651d4d00, 0x00000262651d54c0,
0x0000026264d90100, 0x0000026264d8c280, 0x0000026264212620, 0x0000026264d91870,
0x0000026264d8f160
}

Java Threads: ( => current thread )
  0x0000026241a08980 JavaThread "main"                              [_thread_blocked, id=5524, stack(0x000000795b300000,0x000000795b400000) (1024K)]
  0x000002625f2a7c50 JavaThread "Reference Handler"          daemon [_thread_blocked, id=11232, stack(0x000000795bb00000,0x000000795bc00000) (1024K)]
  0x000002625f2a8c30 JavaThread "Finalizer"                  daemon [_thread_blocked, id=6104, stack(0x000000795bc00000,0x000000795bd00000) (1024K)]
  0x000002625f2a9c10 JavaThread "Signal Dispatcher"          daemon [_thread_blocked, id=16984, stack(0x000000795bd00000,0x000000795be00000) (1024K)]
  0x000002625f2ab7e0 JavaThread "Attach Listener"            daemon [_thread_blocked, id=14020, stack(0x000000795be00000,0x000000795bf00000) (1024K)]
  0x000002625f2ac3a0 JavaThread "Service Thread"             daemon [_thread_blocked, id=13008, stack(0x000000795bf00000,0x000000795c000000) (1024K)]
  0x000002625f2acf60 JavaThread "Monitor Deflation Thread"   daemon [_thread_blocked, id=14708, stack(0x000000795c000000,0x000000795c100000) (1024K)]
=>0x0000026241a1e780 JavaThread "C2 CompilerThread0"         daemon [_thread_in_native, id=17748, stack(0x000000795c100000,0x000000795c200000) (1024K)]
  0x0000026241a23820 JavaThread "C1 CompilerThread0"         daemon [_thread_blocked, id=17168, stack(0x000000795c200000,0x000000795c300000) (1024K)]
  0x000002625f34fd90 JavaThread "Notification Thread"        daemon [_thread_blocked, id=4708, stack(0x000000795c300000,0x000000795c400000) (1024K)]
  0x000002625f350750 JavaThread "Common-Cleaner"             daemon [_thread_blocked, id=18176, stack(0x000000795c400000,0x000000795c500000) (1024K)]
  0x00000262649ef6a0 JavaThread "Thread-0"                          [_thread_blocked, id=19272, stack(0x000000795c500000,0x000000795c600000) (1024K)]
  0x00000262649f1580 JavaThread "restartedMain"                     [_thread_blocked, id=12792, stack(0x000000795c600000,0x000000795c700000) (1024K)]
  0x0000026264784440 JavaThread "Catalina-utility-1"                [_thread_blocked, id=3420, stack(0x000000795cb00000,0x000000795cc00000) (1024K)]
  0x00000262651d4d00 JavaThread "Catalina-utility-2"                [_thread_blocked, id=1100, stack(0x000000795cc00000,0x000000795cd00000) (1024K)]
  0x00000262651d54c0 JavaThread "container-0"                       [_thread_blocked, id=14928, stack(0x000000795cd00000,0x000000795ce00000) (1024K)]
  0x0000026264d90100 JavaThread "PostgreSQL-JDBC-Cleaner"    daemon [_thread_blocked, id=19204, stack(0x000000795ca00000,0x000000795cb00000) (1024K)]
  0x0000026264d8c280 JavaThread "HikariPool-1:housekeeper"   daemon [_thread_blocked, id=15428, stack(0x000000795cf00000,0x000000795d000000) (1024K)]
  0x0000026264212620 JavaThread "C2 CompilerThread1"         daemon [_thread_blocked, id=19040, stack(0x000000795d000000,0x000000795d100000) (1024K)]
  0x0000026264d91870 JavaThread "File Watcher"               daemon [_thread_blocked, id=10344, stack(0x000000795d100000,0x000000795d200000) (1024K)]
  0x0000026264d8f160 JavaThread "Thread-1"                          [_thread_new, id=16856, stack(0x0000000000000000,0x0000000000000000) (0B)]
Total: 21

Other Threads:
  0x000002625f296d60 VMThread "VM Thread"                           [id=12228, stack(0x000000795ba00000,0x000000795bb00000) (1024K)]
  0x0000026241aba3c0 WatcherThread "VM Periodic Task Thread"        [id=19028, stack(0x000000795b900000,0x000000795ba00000) (1024K)]
  0x0000026241a6b2f0 WorkerThread "GC Thread#0"                     [id=14316, stack(0x000000795b400000,0x000000795b500000) (1024K)]
  0x00000262646746a0 WorkerThread "GC Thread#1"                     [id=13992, stack(0x000000795c700000,0x000000795c800000) (1024K)]
  0x0000026264674af0 WorkerThread "GC Thread#2"                     [id=9760, stack(0x000000795c800000,0x000000795c900000) (1024K)]
  0x0000026264674f40 WorkerThread "GC Thread#3"                     [id=14620, stack(0x000000795c900000,0x000000795ca00000) (1024K)]
  0x0000026241a7e9f0 ConcurrentGCThread "G1 Main Marker"            [id=7368, stack(0x000000795b500000,0x000000795b600000) (1024K)]
  0x0000026241a7f710 WorkerThread "G1 Conc#0"                       [id=3276, stack(0x000000795b600000,0x000000795b700000) (1024K)]
  0x0000026241aab890 ConcurrentGCThread "G1 Refine#0"               [id=18384, stack(0x000000795b700000,0x000000795b800000) (1024K)]
  0x0000026241aac620 ConcurrentGCThread "G1 Service"                [id=6432, stack(0x000000795b800000,0x000000795b900000) (1024K)]
Total: 10

Threads with active compile tasks:
C2 CompilerThread0  38848 6804       4       org.springframework.beans.factory.support.AbstractBeanFactory::isTypeMatch (745 bytes)
Total: 1

VM state: not at safepoint (normal execution)

VM Mutex/Monitor currently owned by a thread: None

Heap address: 0x0000000741400000, size: 3052 MB, Compressed Oops mode: Zero based, Oop shift amount: 3

CDS archive(s) mapped at: [0x000000009b000000-0x000000009bdd0000-0x000000009bdd0000), size 14483456, SharedBaseAddress: 0x000000009b000000, ArchiveRelocationMode: 1.
Compressed class space mapped at: 0x000000009c000000-0x00000000dc000000, reserved size: 1073741824
UseCompressedClassPointers 1, UseCompactObjectHeaders 0
Narrow klass pointer bits 32, Max shift 3
Narrow klass base: 0x000000009b000000, Narrow klass shift: 0
Encoding Range: [0x000000009b000000 - 0x000000019b000000), (4294967296 bytes)
Klass Range:    [0x000000009b010000 - 0x00000000dc000000), (1090453504 bytes)
Klass ID Range:  [65536 - 1090519033) (1090453497)
Protection zone: [0x000000009b000000 - 0x000000009b010000), (65536 bytes)

GC Precious Log:
 CardTable entry size: 512
 Card Set container configuration: InlinePtr #cards 4 size 8 Array Of Cards #cards 16 size 48 Howl #buckets 8 coarsen threshold 3686 Howl Bitmap #cards 512 size 80 coarsen threshold 460 Card regions per heap region 1 cards per card region 4096
 CPUs: 4 total, 4 available
 Memory: 12204M
 Large Page Support: Disabled
 NUMA Support: Disabled
 Compressed Oops: Enabled (Zero based)
 Heap Region Size: 2M
 Heap Min Capacity: 8M
 Heap Initial Capacity: 192M
 Heap Max Capacity: 3052M
 Pre-touch: Disabled
 Parallel Workers: 4
 Concurrent Workers: 1
 Concurrent Refinement Workers: 4
 Periodic GC: Disabled

Heap:
 garbage-first heap   total reserved 3125248K, committed 135168K, used 52603K [0x0000000741400000, 0x0000000800000000)
  region size 2048K, 6 young (12288K), 3 survivors (6144K)

Heap Regions: E=young(eden), S=young(survivor), O=old, HS=humongous(starts), HC=humongous(continues), CS=collection set, F=free, TAMS=top-at-mark-start, PB=parsable bottom
|   0|0x0000000741400000, 0x0000000741600000, 0x0000000741600000|100%| O|  |TAMS 0x0000000741400000| PB 0x0000000741400000| Untracked |  0
|   1|0x0000000741600000, 0x00000007416f6550, 0x0000000741800000| 48%| O|  |TAMS 0x0000000741600000| PB 0x0000000741600000| Untracked |  0
|   2|0x0000000741800000, 0x0000000741a00000, 0x0000000741a00000|100%| O|  |TAMS 0x0000000741800000| PB 0x0000000741800000| Untracked |  0
|   3|0x0000000741a00000, 0x0000000741c00000, 0x0000000741c00000|100%| O|  |TAMS 0x0000000741a00000| PB 0x0000000741a00000| Untracked |  0
|   4|0x0000000741c00000, 0x0000000741e00000, 0x0000000741e00000|100%| O|  |TAMS 0x0000000741c00000| PB 0x0000000741c00000| Untracked |  0
|   5|0x0000000741e00000, 0x0000000742000000, 0x0000000742000000|100%| O|  |TAMS 0x0000000741e00000| PB 0x0000000741e00000| Untracked |  0
|   6|0x0000000742000000, 0x0000000742200000, 0x0000000742200000|100%| O|  |TAMS 0x0000000742000000| PB 0x0000000742000000| Untracked |  0
|   7|0x0000000742200000, 0x0000000742400000, 0x0000000742400000|100%| O|  |TAMS 0x0000000742200000| PB 0x0000000742200000| Untracked |  0
|   8|0x0000000742400000, 0x0000000742600000, 0x0000000742600000|100%| O|  |TAMS 0x0000000742400000| PB 0x0000000742400000| Untracked |  0
|   9|0x0000000742600000, 0x0000000742800000, 0x0000000742800000|100%| O|  |TAMS 0x0000000742600000| PB 0x0000000742600000| Untracked |  0
|  10|0x0000000742800000, 0x0000000742a00000, 0x0000000742a00000|100%| O|  |TAMS 0x0000000742800000| PB 0x0000000742800000| Untracked |  0
|  11|0x0000000742a00000, 0x0000000742c00000, 0x0000000742c00000|100%| O|  |TAMS 0x0000000742a00000| PB 0x0000000742a00000| Untracked |  0
|  12|0x0000000742c00000, 0x0000000742e00000, 0x0000000742e00000|100%| O|  |TAMS 0x0000000742c00000| PB 0x0000000742c00000| Untracked |  0
|  13|0x0000000742e00000, 0x0000000743000000, 0x0000000743000000|100%| O|  |TAMS 0x0000000742e00000| PB 0x0000000742e00000| Untracked |  0
|  14|0x0000000743000000, 0x0000000743200000, 0x0000000743200000|100%| O|  |TAMS 0x0000000743000000| PB 0x0000000743000000| Untracked |  0
|  15|0x0000000743200000, 0x0000000743400000, 0x0000000743400000|100%| O|  |TAMS 0x0000000743200000| PB 0x0000000743200000| Untracked |  0
|  16|0x0000000743400000, 0x0000000743600000, 0x0000000743600000|100%| O|  |TAMS 0x0000000743400000| PB 0x0000000743400000| Untracked |  0
|  17|0x0000000743600000, 0x0000000743600000, 0x0000000743800000|  0%| F|  |TAMS 0x0000000743600000| PB 0x0000000743600000| Untracked |  0
|  18|0x0000000743800000, 0x0000000743800000, 0x0000000743a00000|  0%| F|  |TAMS 0x0000000743800000| PB 0x0000000743800000| Untracked |  0
|  19|0x0000000743a00000, 0x0000000743c00000, 0x0000000743c00000|100%| O|  |TAMS 0x0000000743a00000| PB 0x0000000743a00000| Untracked |  0
|  20|0x0000000743c00000, 0x0000000743e00000, 0x0000000743e00000|100%| O|  |TAMS 0x0000000743c00000| PB 0x0000000743c00000| Untracked |  0
|  21|0x0000000743e00000, 0x0000000744000000, 0x0000000744000000|100%| O|  |TAMS 0x0000000743e00000| PB 0x0000000743e00000| Untracked |  0
|  22|0x0000000744000000, 0x0000000744200000, 0x0000000744200000|100%| O|  |TAMS 0x0000000744000000| PB 0x0000000744000000| Untracked |  0
|  23|0x0000000744200000, 0x0000000744200000, 0x0000000744400000|  0%| F|  |TAMS 0x0000000744200000| PB 0x0000000744200000| Untracked |  0
|  24|0x0000000744400000, 0x0000000744400000, 0x0000000744600000|  0%| F|  |TAMS 0x0000000744400000| PB 0x0000000744400000| Untracked |  0
|  25|0x0000000744600000, 0x0000000744600000, 0x0000000744800000|  0%| F|  |TAMS 0x0000000744600000| PB 0x0000000744600000| Untracked |  0
|  26|0x0000000744800000, 0x0000000744800000, 0x0000000744a00000|  0%| F|  |TAMS 0x0000000744800000| PB 0x0000000744800000| Untracked |  0
|  27|0x0000000744a00000, 0x0000000744a00000, 0x0000000744c00000|  0%| F|  |TAMS 0x0000000744a00000| PB 0x0000000744a00000| Untracked |  0
|  28|0x0000000744c00000, 0x0000000744c00000, 0x0000000744e00000|  0%| F|  |TAMS 0x0000000744c00000| PB 0x0000000744c00000| Untracked |  0
|  29|0x0000000744e00000, 0x0000000744e00000, 0x0000000745000000|  0%| F|  |TAMS 0x0000000744e00000| PB 0x0000000744e00000| Untracked |  0
|  30|0x0000000745000000, 0x0000000745000000, 0x0000000745200000|  0%| F|  |TAMS 0x0000000745000000| PB 0x0000000745000000| Untracked |  0
|  31|0x0000000745200000, 0x0000000745200000, 0x0000000745400000|  0%| F|  |TAMS 0x0000000745200000| PB 0x0000000745200000| Untracked |  0
|  32|0x0000000745400000, 0x0000000745400000, 0x0000000745600000|  0%| F|  |TAMS 0x0000000745400000| PB 0x0000000745400000| Untracked |  0
|  33|0x0000000745600000, 0x0000000745668770, 0x0000000745800000| 20%| S|CS|TAMS 0x0000000745600000| PB 0x0000000745600000| Complete |  0
|  34|0x0000000745800000, 0x0000000745a00000, 0x0000000745a00000|100%| S|CS|TAMS 0x0000000745800000| PB 0x0000000745800000| Complete |  0
|  35|0x0000000745a00000, 0x0000000745a00000, 0x0000000745c00000|  0%| F|  |TAMS 0x0000000745a00000| PB 0x0000000745a00000| Untracked |  0
|  36|0x0000000745c00000, 0x0000000745c00000, 0x0000000745e00000|  0%| F|  |TAMS 0x0000000745c00000| PB 0x0000000745c00000| Untracked |  0
|  37|0x0000000745e00000, 0x0000000745e00000, 0x0000000746000000|  0%| F|  |TAMS 0x0000000745e00000| PB 0x0000000745e00000| Untracked |  0
|  38|0x0000000746000000, 0x0000000746200000, 0x0000000746200000|100%| S|CS|TAMS 0x0000000746000000| PB 0x0000000746000000| Complete |  0
|  39|0x0000000746200000, 0x0000000746200000, 0x0000000746400000|  0%| F|  |TAMS 0x0000000746200000| PB 0x0000000746200000| Untracked |  0
|  40|0x0000000746400000, 0x0000000746400000, 0x0000000746600000|  0%| F|  |TAMS 0x0000000746400000| PB 0x0000000746400000| Untracked |  0
|  41|0x0000000746600000, 0x0000000746600000, 0x0000000746800000|  0%| F|  |TAMS 0x0000000746600000| PB 0x0000000746600000| Untracked |  0
|  42|0x0000000746800000, 0x0000000746800000, 0x0000000746a00000|  0%| F|  |TAMS 0x0000000746800000| PB 0x0000000746800000| Untracked |  0
|  43|0x0000000746a00000, 0x0000000746a00000, 0x0000000746c00000|  0%| F|  |TAMS 0x0000000746a00000| PB 0x0000000746a00000| Untracked |  0
|  44|0x0000000746c00000, 0x0000000746c00000, 0x0000000746e00000|  0%| F|  |TAMS 0x0000000746c00000| PB 0x0000000746c00000| Untracked |  0
|  45|0x0000000746e00000, 0x0000000746e00000, 0x0000000747000000|  0%| F|  |TAMS 0x0000000746e00000| PB 0x0000000746e00000| Untracked |  0
|  46|0x0000000747000000, 0x0000000747000000, 0x0000000747200000|  0%| F|  |TAMS 0x0000000747000000| PB 0x0000000747000000| Untracked |  0
|  47|0x0000000747200000, 0x0000000747200000, 0x0000000747400000|  0%| F|  |TAMS 0x0000000747200000| PB 0x0000000747200000| Untracked |  0
|  48|0x0000000747400000, 0x0000000747400000, 0x0000000747600000|  0%| F|  |TAMS 0x0000000747400000| PB 0x0000000747400000| Untracked |  0
|  49|0x0000000747600000, 0x0000000747600000, 0x0000000747800000|  0%| F|  |TAMS 0x0000000747600000| PB 0x0000000747600000| Untracked |  0
|  50|0x0000000747800000, 0x0000000747800000, 0x0000000747a00000|  0%| F|  |TAMS 0x0000000747800000| PB 0x0000000747800000| Untracked |  0
|  51|0x0000000747a00000, 0x0000000747a00000, 0x0000000747c00000|  0%| F|  |TAMS 0x0000000747a00000| PB 0x0000000747a00000| Untracked |  0
|  52|0x0000000747c00000, 0x0000000747c00000, 0x0000000747e00000|  0%| F|  |TAMS 0x0000000747c00000| PB 0x0000000747c00000| Untracked |  0
|  53|0x0000000747e00000, 0x0000000747e00000, 0x0000000748000000|  0%| F|  |TAMS 0x0000000747e00000| PB 0x0000000747e00000| Untracked |  0
|  54|0x0000000748000000, 0x0000000748000000, 0x0000000748200000|  0%| F|  |TAMS 0x0000000748000000| PB 0x0000000748000000| Untracked |  0
|  55|0x0000000748200000, 0x0000000748200000, 0x0000000748400000|  0%| F|  |TAMS 0x0000000748200000| PB 0x0000000748200000| Untracked |  0
|  56|0x0000000748400000, 0x0000000748400000, 0x0000000748600000|  0%| F|  |TAMS 0x0000000748400000| PB 0x0000000748400000| Untracked |  0
|  58|0x0000000748800000, 0x0000000748800000, 0x0000000748a00000|  0%| F|  |TAMS 0x0000000748800000| PB 0x0000000748800000| Untracked |  0
|  59|0x0000000748a00000, 0x0000000748a00000, 0x0000000748c00000|  0%| F|  |TAMS 0x0000000748a00000| PB 0x0000000748a00000| Untracked |  0
|  60|0x0000000748c00000, 0x0000000748c00000, 0x0000000748e00000|  0%| F|  |TAMS 0x0000000748c00000| PB 0x0000000748c00000| Untracked |  0
|  61|0x0000000748e00000, 0x0000000748e00000, 0x0000000749000000|  0%| F|  |TAMS 0x0000000748e00000| PB 0x0000000748e00000| Untracked |  0
|  62|0x0000000749000000, 0x00000007490a4e48, 0x0000000749200000| 32%| E|  |TAMS 0x0000000749000000| PB 0x0000000749000000| Complete |  0
|1522|0x00000007ff800000, 0x00000007ffa00000, 0x00000007ffa00000|100%| O|  |TAMS 0x00000007ff800000| PB 0x00000007ff800000| Untracked |  0
|1523|0x00000007ffa00000, 0x00000007ffc00000, 0x00000007ffc00000|100%| E|CS|TAMS 0x00000007ffa00000| PB 0x00000007ffa00000| Complete |  0
|1524|0x00000007ffc00000, 0x00000007ffe00000, 0x00000007ffe00000|100%| E|CS|TAMS 0x00000007ffc00000| PB 0x00000007ffc00000| Complete |  0
|1525|0x00000007ffe00000, 0x0000000800000000, 0x0000000800000000|100%| E|CS|TAMS 0x00000007ffe00000| PB 0x00000007ffe00000| Complete |  0

Card table byte_map: [0x0000026259880000,0x0000026259e80000] _byte_map_base: 0x0000026255e76000

Marking Bits: (CMBitMap*) 0x0000026241a6ba80
 Bits: [0x0000026259e80000, 0x000002625ce30000)

Polling page: 0x000002623f9b0000

Metaspace:
Metaspace        used 64879K, committed 65600K, reserved 1114112K
 class space     used 6843K, committed 7168K, reserved 1048576K

Usage:
  Non-class:     56.68 MB used.
      Class:      6.68 MB used.
       Both:     63.36 MB used.

Virtual space:
  Non-class space:       64.00 MB reserved,      57.06 MB ( 89%) committed,  1 nodes.
      Class space:        1.00 GB reserved,       7.00 MB ( <1%) committed,  1 nodes.
             Both:        1.06 GB reserved,      64.06 MB (  6%) committed. 

Chunk freelists:
   Non-Class:  6.23 MB
       Class:  8.99 MB
        Both:  15.22 MB

MaxMetaspaceSize: unlimited
CompressedClassSpaceSize: 1.00 GB
Initial GC threshold: 21.00 MB
Current GC threshold: 102.75 MB
CDS: on
 - commit_granule_bytes: 65536.
 - commit_granule_words: 8192.
 - virtual_space_node_default_size: 8388608.
 - enlarge_chunks_in_place: 1.
UseCompressedClassPointers 1, UseCompactObjectHeaders 0
Narrow klass pointer bits 32, Max shift 3
Narrow klass base: 0x000000009b000000, Narrow klass shift: 0
Encoding Range: [0x000000009b000000 - 0x000000019b000000), (4294967296 bytes)
Klass Range:    [0x000000009b010000 - 0x00000000dc000000), (1090453504 bytes)
Klass ID Range:  [65536 - 1090519033) (1090453497)
Protection zone: [0x000000009b000000 - 0x000000009b010000), (65536 bytes)


Internal statistics:

num_allocs_failed_limit: 9.
num_arena_births: 826.
num_arena_deaths: 0.
num_vsnodes_births: 2.
num_vsnodes_deaths: 0.
num_space_committed: 1025.
num_space_uncommitted: 0.
num_chunks_returned_to_freelist: 9.
num_chunks_taken_from_freelist: 3154.
num_chunk_merges: 6.
num_chunk_splits: 2314.
num_chunks_enlarged: 1897.
num_inconsistent_stats: 0.

CodeHeap 'non-profiled nmethods': size=120064Kb used=2631Kb max_used=2737Kb free=117432Kb
 bounds [0x0000026251d40000, 0x0000026251ff0000, 0x0000026259280000]
CodeHeap 'profiled nmethods': size=120000Kb used=9927Kb max_used=9927Kb free=110072Kb
 bounds [0x000002624a280000, 0x000002624ac40000, 0x00000262517b0000]
CodeHeap 'non-nmethods': size=5696Kb used=1586Kb max_used=1651Kb free=4109Kb
 bounds [0x00000262517b0000, 0x0000026251a20000, 0x0000026251d40000]
CodeCache: size=245760Kb, used=14144Kb, max_used=14315Kb, free=231613Kb
 total_blobs=6665, nmethods=5958, adapters=609, full_count=0
Compilation: enabled, stopped_count=0, restarted_count=0

Compilation events (20 events):
Event: 38.385 Thread 0x0000026241a23820 6951       3       org.springframework.orm.jpa.support.PersistenceAnnotationBeanPostProcessor::findInjectionMetadata (18 bytes)
Event: 38.385 Thread 0x0000026241a23820 nmethod 6951 0x000002624a743388 code [0x000002624a743480, 0x000002624a7436a8]
Event: 38.385 Thread 0x0000026241a23820 6953       3       org.springframework.context.annotation.CommonAnnotationBeanPostProcessor::postProcessMergedBeanDefinition (23 bytes)
Event: 38.386 Thread 0x0000026241a23820 nmethod 6953 0x000002624a742e08 code [0x000002624a742f00, 0x000002624a743318]
Event: 38.386 Thread 0x0000026241a23820 6954       3       org.springframework.beans.factory.annotation.InitDestroyAnnotationBeanPostProcessor::postProcessMergedBeanDefinition (8 bytes)
Event: 38.386 Thread 0x0000026241a23820 nmethod 6954 0x000002624a742a08 code [0x000002624a742b00, 0x000002624a742d70]
Event: 38.386 Thread 0x0000026241a23820 6955       3       org.springframework.beans.factory.annotation.InitDestroyAnnotationBeanPostProcessor::findLifecycleMetadata (13 bytes)
Event: 38.386 Thread 0x0000026241a23820 nmethod 6955 0x000002624a90f888 code [0x000002624a90f980, 0x000002624a90fb98]
Event: 38.386 Thread 0x0000026241a23820 6956       3       org.springframework.beans.factory.annotation.InitDestroyAnnotationBeanPostProcessor$1::checkInitDestroyMethods (1 bytes)
Event: 38.386 Thread 0x0000026241a23820 nmethod 6956 0x000002624a90f588 code [0x000002624a90f680, 0x000002624a90f788]
Event: 38.386 Thread 0x0000026241a23820 6958       3       org.springframework.beans.factory.annotation.AutowiredAnnotationBeanPostProcessor::postProcessMergedBeanDefinition (45 bytes)
Event: 38.387 Thread 0x0000026241a23820 nmethod 6958 0x000002624a90eb88 code [0x000002624a90ec80, 0x000002624a90f540]
Event: 38.387 Thread 0x0000026241a23820 6959       3       org.springframework.beans.factory.annotation.AutowiredAnnotationBeanPostProcessor::findInjectionMetadata (18 bytes)
Event: 38.387 Thread 0x0000026241a23820 nmethod 6959 0x000002624a90e808 code [0x000002624a90e900, 0x000002624a90eb20]
Event: 38.387 Thread 0x0000026241a23820 6961       3       org.springframework.aop.support.ClassFilters$IntersectionClassFilter::matches (44 bytes)
Event: 38.388 Thread 0x0000026241a23820 nmethod 6961 0x000002624a90e388 code [0x000002624a90e480, 0x000002624a90e788]
Event: 38.388 Thread 0x0000026241a23820 6962       3       org.springframework.aop.framework.autoproxy.AbstractAutoProxyCreator::postProcessAfterInitialization (38 bytes)
Event: 38.390 Thread 0x0000026241a23820 nmethod 6962 0x000002624a90c488 code [0x000002624a90c580, 0x000002624a90e328]
Event: 38.390 Thread 0x0000026241a23820 6963       3       org.springframework.aop.framework.autoproxy.AbstractAutoProxyCreator::wrapIfNecessary (172 bytes)
Event: 38.393 Thread 0x0000026241a23820 nmethod 6963 0x000002624a90a908 code [0x000002624a90aa00, 0x000002624a90c3f8]

GC Heap Usage History (20 events):
Event: 31.371 {heap Before GC invocations=13 (full 0):
 garbage-first heap   total reserved 3125248K, committed 55296K, used 31439K [0x0000000741400000, 0x0000000800000000)
  region size 2048K, 6 young (12288K), 2 survivors (4096K)
}
Event: 31.378 {heap After GC invocations=14 (full 0):
 garbage-first heap   total reserved 3125248K, committed 55296K, used 28297K [0x0000000741400000, 0x0000000800000000)
  region size 2048K, 2 young (4096K), 2 survivors (4096K)
}
Event: 33.263 {heap Before GC invocations=15 (full 0):
 garbage-first heap   total reserved 3125248K, committed 55296K, used 44681K [0x0000000741400000, 0x0000000800000000)
  region size 2048K, 11 young (22528K), 2 survivors (4096K)
}
Event: 33.276 {heap After GC invocations=16 (full 0):
 garbage-first heap   total reserved 3125248K, committed 55296K, used 30491K [0x0000000741400000, 0x0000000800000000)
  region size 2048K, 2 young (4096K), 2 survivors (4096K)
}
Event: 33.511 {heap Before GC invocations=16 (full 0):
 garbage-first heap   total reserved 3125248K, committed 55296K, used 44827K [0x0000000741400000, 0x0000000800000000)
  region size 2048K, 10 young (20480K), 2 survivors (4096K)
}
Event: 33.524 {heap After GC invocations=17 (full 0):
 garbage-first heap   total reserved 3125248K, committed 57344K, used 33660K [0x0000000741400000, 0x0000000800000000)
  region size 2048K, 2 young (4096K), 2 survivors (4096K)
}
Event: 33.947 {heap Before GC invocations=17 (full 0):
 garbage-first heap   total reserved 3125248K, committed 57344K, used 47996K [0x0000000741400000, 0x0000000800000000)
  region size 2048K, 10 young (20480K), 2 survivors (4096K)
}
Event: 33.953 {heap After GC invocations=18 (full 0):
 garbage-first heap   total reserved 3125248K, committed 59392K, used 37807K [0x0000000741400000, 0x0000000800000000)
  region size 2048K, 2 young (4096K), 2 survivors (4096K)
}
Event: 34.600 {heap Before GC invocations=19 (full 0):
 garbage-first heap   total reserved 3125248K, committed 65536K, used 50095K [0x0000000741400000, 0x0000000800000000)
  region size 2048K, 9 young (18432K), 2 survivors (4096K)
}
Event: 34.614 {heap After GC invocations=20 (full 0):
 garbage-first heap   total reserved 3125248K, committed 65536K, used 44778K [0x0000000741400000, 0x0000000800000000)
  region size 2048K, 2 young (4096K), 2 survivors (4096K)
}
Event: 34.649 {heap Before GC invocations=20 (full 0):
 garbage-first heap   total reserved 3125248K, committed 65536K, used 55018K [0x0000000741400000, 0x0000000800000000)
  region size 2048K, 8 young (16384K), 2 survivors (4096K)
}
Event: 34.661 {heap After GC invocations=21 (full 0):
 garbage-first heap   total reserved 3125248K, committed 67584K, used 47776K [0x0000000741400000, 0x0000000800000000)
  region size 2048K, 1 young (2048K), 1 survivors (2048K)
}
Event: 34.768 {heap Before GC invocations=21 (full 0):
 garbage-first heap   total reserved 3125248K, committed 67584K, used 55968K [0x0000000741400000, 0x0000000800000000)
  region size 2048K, 6 young (12288K), 1 survivors (2048K)
}
Event: 34.772 {heap After GC invocations=22 (full 0):
 garbage-first heap   total reserved 3125248K, committed 67584K, used 49948K [0x0000000741400000, 0x0000000800000000)
  region size 2048K, 1 young (2048K), 1 survivors (2048K)
}
Event: 34.854 {heap Before GC invocations=22 (full 0):
 garbage-first heap   total reserved 3125248K, committed 67584K, used 58140K [0x0000000741400000, 0x0000000800000000)
  region size 2048K, 5 young (10240K), 1 survivors (2048K)
}
Event: 34.860 {heap After GC invocations=23 (full 0):
 garbage-first heap   total reserved 3125248K, committed 135168K, used 52138K [0x0000000741400000, 0x0000000800000000)
  region size 2048K, 1 young (2048K), 1 survivors (2048K)
}
Event: 35.787 {heap Before GC invocations=24 (full 0):
 garbage-first heap   total reserved 3125248K, committed 135168K, used 99242K [0x0000000741400000, 0x0000000800000000)
  region size 2048K, 26 young (53248K), 1 survivors (2048K)
}
Event: 35.797 {heap After GC invocations=25 (full 0):
 garbage-first heap   total reserved 3125248K, committed 135168K, used 53335K [0x0000000741400000, 0x0000000800000000)
  region size 2048K, 3 young (6144K), 3 survivors (6144K)
}
Event: 37.926 {heap Before GC invocations=25 (full 0):
 garbage-first heap   total reserved 3125248K, committed 135168K, used 102487K [0x0000000741400000, 0x0000000800000000)
  region size 2048K, 28 young (57344K), 3 survivors (6144K)
}
Event: 37.937 {heap After GC invocations=26 (full 0):
 garbage-first heap   total reserved 3125248K, committed 135168K, used 48507K [0x0000000741400000, 0x0000000800000000)
  region size 2048K, 3 young (6144K), 3 survivors (6144K)
}

Metaspace Usage History (20 events):
Event: 31.371 {metaspace Before GC invocations=13 (full 0):
 Metaspace       used 59876K, committed 60288K, reserved 1114112K
  class space    used 6268K, committed 6464K, reserved 1048576K
}
Event: 31.379 {metaspace After GC invocations=14 (full 0):
 Metaspace       used 59876K, committed 60288K, reserved 1114112K
  class space    used 6268K, committed 6464K, reserved 1048576K
}
Event: 33.263 {metaspace Before GC invocations=15 (full 0):
 Metaspace       used 62304K, committed 62784K, reserved 1114112K
  class space    used 6572K, committed 6784K, reserved 1048576K
}
Event: 33.276 {metaspace After GC invocations=16 (full 0):
 Metaspace       used 62304K, committed 62784K, reserved 1114112K
  class space    used 6572K, committed 6784K, reserved 1048576K
}
Event: 33.511 {metaspace Before GC invocations=16 (full 0):
 Metaspace       used 62358K, committed 62912K, reserved 1114112K
  class space    used 6572K, committed 6784K, reserved 1048576K
}
Event: 33.524 {metaspace After GC invocations=17 (full 0):
 Metaspace       used 62358K, committed 62912K, reserved 1114112K
  class space    used 6572K, committed 6784K, reserved 1048576K
}
Event: 33.947 {metaspace Before GC invocations=17 (full 0):
 Metaspace       used 62368K, committed 62912K, reserved 1114112K
  class space    used 6572K, committed 6784K, reserved 1048576K
}
Event: 33.953 {metaspace After GC invocations=18 (full 0):
 Metaspace       used 62368K, committed 62912K, reserved 1114112K
  class space    used 6572K, committed 6784K, reserved 1048576K
}
Event: 34.600 {metaspace Before GC invocations=19 (full 0):
 Metaspace       used 62554K, committed 63040K, reserved 1114112K
  class space    used 6587K, committed 6784K, reserved 1048576K
}
Event: 34.614 {metaspace After GC invocations=20 (full 0):
 Metaspace       used 62554K, committed 63040K, reserved 1114112K
  class space    used 6587K, committed 6784K, reserved 1048576K
}
Event: 34.649 {metaspace Before GC invocations=20 (full 0):
 Metaspace       used 62554K, committed 63040K, reserved 1114112K
  class space    used 6587K, committed 6784K, reserved 1048576K
}
Event: 34.661 {metaspace After GC invocations=21 (full 0):
 Metaspace       used 62554K, committed 63040K, reserved 1114112K
  class space    used 6587K, committed 6784K, reserved 1048576K
}
Event: 34.768 {metaspace Before GC invocations=21 (full 0):
 Metaspace       used 62572K, committed 63104K, reserved 1114112K
  class space    used 6587K, committed 6784K, reserved 1048576K
}
Event: 34.772 {metaspace After GC invocations=22 (full 0):
 Metaspace       used 62572K, committed 63104K, reserved 1114112K
  class space    used 6587K, committed 6784K, reserved 1048576K
}
Event: 34.854 {metaspace Before GC invocations=22 (full 0):
 Metaspace       used 62580K, committed 63104K, reserved 1114112K
  class space    used 6587K, committed 6784K, reserved 1048576K
}
Event: 34.860 {metaspace After GC invocations=23 (full 0):
 Metaspace       used 62580K, committed 63104K, reserved 1114112K
  class space    used 6587K, committed 6784K, reserved 1048576K
}
Event: 35.787 {metaspace Before GC invocations=24 (full 0):
 Metaspace       used 62718K, committed 63168K, reserved 1114112K
  class space    used 6596K, committed 6784K, reserved 1048576K
}
Event: 35.797 {metaspace After GC invocations=25 (full 0):
 Metaspace       used 62718K, committed 63168K, reserved 1114112K
  class space    used 6596K, committed 6784K, reserved 1048576K
}
Event: 37.926 {metaspace Before GC invocations=25 (full 0):
 Metaspace       used 64059K, committed 64640K, reserved 1114112K
  class space    used 6753K, committed 6976K, reserved 1048576K
}
Event: 37.937 {metaspace After GC invocations=26 (full 0):
 Metaspace       used 64059K, committed 64640K, reserved 1114112K
  class space    used 6753K, committed 6976K, reserved 1048576K
}

Dll operation events (10 events):
Event: 0.044 Loaded shared library C:\Program Files\Java\jdk-25\bin\java.dll
Event: 1.415 Loaded shared library C:\Program Files\Java\jdk-25\bin\net.dll
Event: 1.420 Loaded shared library C:\Program Files\Java\jdk-25\bin\nio.dll
Event: 1.429 Loaded shared library C:\Program Files\Java\jdk-25\bin\zip.dll
Event: 2.194 Loaded shared library C:\Program Files\Java\jdk-25\bin\jimage.dll
Event: 3.413 Loaded shared library C:\Program Files\Java\jdk-25\bin\management.dll
Event: 3.419 Loaded shared library C:\Program Files\Java\jdk-25\bin\management_ext.dll
Event: 10.698 Loaded shared library C:\Program Files\Java\jdk-25\bin\sunmscapi.dll
Event: 22.021 Loaded shared library C:\Program Files\Java\jdk-25\bin\verify.dll
Event: 23.281 Loaded shared library C:\Program Files\Java\jdk-25\bin\extnet.dll

Deoptimization events (20 events):
Event: 36.137 Thread 0x00000262649f1580 Uncommon trap: trap_request=0xffffff45 fr.pc=0x0000026251dff194 relative=0x0000000000000114
Event: 36.137 Thread 0x00000262649f1580 Uncommon trap: reason=unstable_if action=reinterpret pc=0x0000026251dff194 method=org.springframework.util.ObjectUtils.nullSafeEquals(Ljava/lang/Object;Ljava/lang/Object;)Z @ 12 c2
Event: 36.137 Thread 0x00000262649f1580 DEOPT PACKING pc=0x0000026251dff194 sp=0x000000795c6fdb60
Event: 36.137 Thread 0x00000262649f1580 DEOPT UNPACKING pc=0x000002625183e702 sp=0x000000795c6fdb00 mode 2
Event: 36.230 Thread 0x00000262649f1580 Uncommon trap: trap_request=0xffffff45 fr.pc=0x0000026251de1d0c relative=0x000000000000178c
Event: 36.230 Thread 0x00000262649f1580 Uncommon trap: reason=unstable_if action=reinterpret pc=0x0000026251de1d0c method=org.springframework.core.annotation.TypeMappedAnnotations$MergedAnnotationFinder.process(Ljava/lang/Object;ILjava/lang/Object;Ljava/lang/annotation/Annotation;)Lorg/springfr
Event: 36.230 Thread 0x00000262649f1580 DEOPT PACKING pc=0x0000026251de1d0c sp=0x000000795c6fde70
Event: 36.231 Thread 0x00000262649f1580 DEOPT UNPACKING pc=0x000002625183e702 sp=0x000000795c6fde40 mode 2
Event: 36.375 Thread 0x00000262649f1580 Uncommon trap: trap_request=0xffffff45 fr.pc=0x0000026251eb6bb8 relative=0x00000000000006b8
Event: 36.375 Thread 0x00000262649f1580 Uncommon trap: reason=unstable_if action=reinterpret pc=0x0000026251eb6bb8 method=org.springframework.beans.factory.support.DefaultSingletonBeanRegistry.getSingleton(Ljava/lang/String;Z)Ljava/lang/Object; @ 39 c2
Event: 36.375 Thread 0x00000262649f1580 DEOPT PACKING pc=0x0000026251eb6bb8 sp=0x000000795c6fd2e0
Event: 36.375 Thread 0x00000262649f1580 DEOPT UNPACKING pc=0x000002625183e702 sp=0x000000795c6fd280 mode 2
Event: 36.960 Thread 0x00000262649f1580 Uncommon trap: trap_request=0xffffffdc fr.pc=0x0000026251fae8c0 relative=0x00000000000049c0
Event: 36.960 Thread 0x00000262649f1580 Uncommon trap: reason=class_check action=make_not_entrant pc=0x0000026251fae8c0 method=java.util.ArrayList.toArray([Ljava/lang/Object;)[Ljava/lang/Object; @ 21 c2
Event: 36.960 Thread 0x00000262649f1580 DEOPT PACKING pc=0x0000026251fae8c0 sp=0x000000795c6fdb10
Event: 36.960 Thread 0x00000262649f1580 DEOPT UNPACKING pc=0x000002625183e702 sp=0x000000795c6fda20 mode 2
Event: 37.836 Thread 0x00000262649f1580 Uncommon trap: trap_request=0xfffffff4 fr.pc=0x0000026251e64310 relative=0x0000000000000190
Event: 37.836 Thread 0x00000262649f1580 Uncommon trap: reason=null_check action=make_not_entrant pc=0x0000026251e64310 method=org.springframework.util.ClassUtils.isAssignable(Ljava/lang/Class;Ljava/lang/Class;)Z @ 14 c2
Event: 37.836 Thread 0x00000262649f1580 DEOPT PACKING pc=0x0000026251e64310 sp=0x000000795c6fe170
Event: 37.836 Thread 0x00000262649f1580 DEOPT UNPACKING pc=0x000002625183e702 sp=0x000000795c6fe100 mode 2

Classes loaded (20 events):
Event: 32.910 Loading class java/lang/LayerInstantiationException
Event: 32.914 Loading class java/lang/LayerInstantiationException done
Event: 32.914 Loading class jdk/internal/loader/Loader
Event: 32.914 Loading class jdk/internal/loader/Loader done
Event: 32.919 Loading class jdk/internal/module/ModuleReferenceImpl$CachedHash
Event: 32.919 Loading class jdk/internal/module/ModuleReferenceImpl$CachedHash done
Event: 32.958 Loading class java/io/IOError
Event: 32.958 Loading class java/io/IOError done
Event: 33.008 Loading class java/util/AbstractMap$SimpleEntry
Event: 33.008 Loading class java/util/AbstractMap$SimpleEntry done
Event: 33.177 Loading class sun/nio/fs/WindowsFileSystemProvider$1
Event: 33.178 Loading class sun/nio/fs/WindowsFileSystemProvider$1 done
Event: 33.236 Loading class java/nio/ReadOnlyBufferException
Event: 33.236 Loading class java/nio/ReadOnlyBufferException done
Event: 33.240 Loading class java/util/zip/DataFormatException
Event: 33.240 Loading class java/util/zip/DataFormatException done
Event: 37.570 Loading class java/lang/invoke/BoundMethodHandle$Species_LLLLLLLL
Event: 37.570 Loading class java/lang/invoke/BoundMethodHandle$Species_LLLLLLLL done
Event: 37.577 Loading class java/lang/invoke/BoundMethodHandle$Species_LLLLLLLLL
Event: 37.577 Loading class java/lang/invoke/BoundMethodHandle$Species_LLLLLLLLL done

Classes unloaded (0 events):
No events

Classes redefined (0 events):
No events

Internal exceptions (20 events):
Event: 35.810 Thread 0x0000026264d8f160 Exception <a 'sun/nio/fs/WindowsException'{0x00000007ffe02498}> (0x00000007ffe02498) 
thrown [s\open\src\hotspot\share\prims\jni.cpp, line 516]
Event: 35.811 Thread 0x0000026264d8f160 Exception <a 'sun/nio/fs/WindowsException'{0x00000007ffe02730}> (0x00000007ffe02730) 
thrown [s\open\src\hotspot\share\prims\jni.cpp, line 516]
Event: 35.811 Thread 0x0000026264d8f160 Exception <a 'sun/nio/fs/WindowsException'{0x00000007ffe02ff8}> (0x00000007ffe02ff8) 
thrown [s\open\src\hotspot\share\prims\jni.cpp, line 516]
Event: 35.811 Thread 0x0000026264d8f160 Exception <a 'sun/nio/fs/WindowsException'{0x00000007ffe03280}> (0x00000007ffe03280) 
thrown [s\open\src\hotspot\share\prims\jni.cpp, line 516]
Event: 35.811 Thread 0x0000026264d8f160 Exception <a 'sun/nio/fs/WindowsException'{0x00000007ffe03b58}> (0x00000007ffe03b58) 
thrown [s\open\src\hotspot\share\prims\jni.cpp, line 516]
Event: 35.811 Thread 0x0000026264d8f160 Exception <a 'sun/nio/fs/WindowsException'{0x00000007ffe03df0}> (0x00000007ffe03df0) 
thrown [s\open\src\hotspot\share\prims\jni.cpp, line 516]
Event: 35.811 Thread 0x0000026264d8f160 Exception <a 'sun/nio/fs/WindowsException'{0x00000007ffe046e8}> (0x00000007ffe046e8) 
thrown [s\open\src\hotspot\share\prims\jni.cpp, line 516]
Event: 35.811 Thread 0x0000026264d8f160 Exception <a 'sun/nio/fs/WindowsException'{0x00000007ffe049a0}> (0x00000007ffe049a0) 
thrown [s\open\src\hotspot\share\prims\jni.cpp, line 516]
Event: 35.812 Thread 0x0000026264d8f160 Exception <a 'sun/nio/fs/WindowsException'{0x00000007ffe052b0}> (0x00000007ffe052b0) 
thrown [s\open\src\hotspot\share\prims\jni.cpp, line 516]
Event: 35.812 Thread 0x0000026264d8f160 Exception <a 'sun/nio/fs/WindowsException'{0x00000007ffe05580}> (0x00000007ffe05580) 
thrown [s\open\src\hotspot\share\prims\jni.cpp, line 516]
Event: 35.812 Thread 0x0000026264d8f160 Exception <a 'sun/nio/fs/WindowsException'{0x00000007ffe05e88}> (0x00000007ffe05e88) 
thrown [s\open\src\hotspot\share\prims\jni.cpp, line 516]
Event: 35.812 Thread 0x0000026264d8f160 Exception <a 'sun/nio/fs/WindowsException'{0x00000007ffe06150}> (0x00000007ffe06150) 
thrown [s\open\src\hotspot\share\prims\jni.cpp, line 516]
Event: 36.137 Thread 0x00000262649f1580 Implicit null exception at 0x0000026251dff0b2 to 0x0000026251dff186
Event: 36.364 Thread 0x00000262649f1580 Exception <a 'java/lang/NoSuchMethodError'{0x00000007469a7240}: 'int java.lang.invoke.DirectMethodHandle$Holder.invokeStaticInit(java.lang.Object, java.lang.Object, java.lang.Object, java.lang.Object)'> (0x00000007469a7240) 
thrown [s\open\src\hotspot\share\interpreter\linkResolver.cpp, line 804]
Event: 36.894 Thread 0x00000262649f1580 Exception <a 'java/lang/NoSuchMethodError'{0x0000000746780048}: 'java.lang.Object java.lang.invoke.DirectMethodHandle$Holder.invokeVirtual(java.lang.Object, java.lang.Object, java.lang.Object, java.lang.Object, java.lang.Object, java.lang.Object, java.lang.Object, java.lang.Object, java.lang.Object)'> (0x0000000746780048) 
thrown [s\open\src\hotspot\share\interpreter\linkResolver.cpp, line 804]
Event: 37.345 Thread 0x00000262649f1580 Exception <a 'java/lang/NoSuchMethodError'{0x0000000746527528}: 'java.lang.Object java.lang.invoke.DirectMethodHandle$Holder.invokeVirtual(java.lang.Object, java.lang.Object, java.lang.Object, java.lang.Object, java.lang.Object, java.lang.Object, java.lang.Object, java.lang.Object, java.lang.Object, java.lang.Object)'> (0x0000000746527528) 
thrown [s\open\src\hotspot\share\interpreter\linkResolver.cpp, line 804]
Event: 37.572 Thread 0x00000262649f1580 Exception <a 'java/lang/NoSuchMethodError'{0x0000000746279090}: 'java.lang.Object java.lang.invoke.DirectMethodHandle$Holder.invokeStatic(java.lang.Object, java.lang.Object, java.lang.Object, java.lang.Object, java.lang.Object, java.lang.Object, java.lang.Object, java.lang.Object, java.lang.Object, java.lang.Object, java.lang.Object)'> (0x0000000746279090) 
thrown [s\open\src\hotspot\share\interpreter\linkResolver.cpp, line 804]
Event: 37.578 Thread 0x00000262649f1580 Exception <a 'java/lang/NoSuchMethodError'{0x00000007462ac1f8}: 'java.lang.Object java.lang.invoke.DirectMethodHandle$Holder.invokeStatic(java.lang.Object, java.lang.Object, java.lang.Object, java.lang.Object, java.lang.Object, java.lang.Object, java.lang.Object, java.lang.Object, java.lang.Object, java.lang.Object, java.lang.Object, java.lang.Object)'> (0x00000007462ac1f8) 
thrown [s\open\src\hotspot\share\interpreter\linkResolver.cpp, line 804]
Event: 37.809 Thread 0x00000262649f1580 Exception <a 'java/lang/IncompatibleClassChangeError'{0x0000000746348090}: Found class java.lang.Object, but interface was expected> (0x0000000746348090) 
thrown [s\open\src\hotspot\share\interpreter\linkResolver.cpp, line 871]
Event: 37.836 Thread 0x00000262649f1580 Implicit null exception at 0x0000026251e641a8 to 0x0000026251e642fc

VM Operations (20 events):
Event: 34.171 Executing safepoint VM operation: G1PauseCleanup
Event: 34.197 Executing safepoint VM operation: G1PauseCleanup done
Event: 34.594 Executing safepoint VM operation: G1CollectForAllocation (G1 Evacuation Pause)
Event: 34.614 Executing safepoint VM operation: G1CollectForAllocation (G1 Evacuation Pause) done
Event: 34.649 Executing safepoint VM operation: G1CollectForAllocation (G1 Evacuation Pause)
Event: 34.661 Executing safepoint VM operation: G1CollectForAllocation (G1 Evacuation Pause) done
Event: 34.768 Executing safepoint VM operation: G1CollectForAllocation (G1 Evacuation Pause)
Event: 34.772 Executing safepoint VM operation: G1CollectForAllocation (G1 Evacuation Pause) done
Event: 34.854 Executing safepoint VM operation: G1CollectForAllocation (G1 Evacuation Pause)
Event: 34.860 Executing safepoint VM operation: G1CollectForAllocation (G1 Evacuation Pause) done
Event: 34.935 Executing safepoint VM operation: G1PauseRemark
Event: 34.950 Executing safepoint VM operation: G1PauseRemark done
Event: 35.009 Executing safepoint VM operation: G1PauseCleanup
Event: 35.009 Executing safepoint VM operation: G1PauseCleanup done
Event: 35.777 Executing safepoint VM operation: G1CollectForAllocation (G1 Evacuation Pause)
Event: 35.797 Executing safepoint VM operation: G1CollectForAllocation (G1 Evacuation Pause) done
Event: 36.297 Executing non-safepoint VM operation: HandshakeAllThreads (Deoptimize)
Event: 36.297 Executing non-safepoint VM operation: HandshakeAllThreads (Deoptimize) done
Event: 37.925 Executing safepoint VM operation: G1CollectForAllocation (G1 Evacuation Pause)
Event: 37.937 Executing safepoint VM operation: G1CollectForAllocation (G1 Evacuation Pause) done

Memory protections (0 events):
No events

Nmethod flushes (20 events):
Event: 34.949 Thread 0x000002625f296d60 flushing  nmethod 0x000002624a4f7888
Event: 34.949 Thread 0x000002625f296d60 flushing  nmethod 0x000002624a528788
Event: 34.949 Thread 0x000002625f296d60 flushing  nmethod 0x000002624a52c588
Event: 34.949 Thread 0x000002625f296d60 flushing  nmethod 0x000002624a5aa988
Event: 34.949 Thread 0x000002625f296d60 flushing  nmethod 0x000002624a5fb208
Event: 34.949 Thread 0x000002625f296d60 flushing  nmethod 0x000002624a63ad88
Event: 34.949 Thread 0x000002625f296d60 flushing  nmethod 0x000002624a63e708
Event: 34.949 Thread 0x000002625f296d60 flushing  nmethod 0x000002624a63ea08
Event: 34.949 Thread 0x000002625f296d60 flushing  nmethod 0x000002624a63ee08
Event: 34.949 Thread 0x000002625f296d60 flushing  nmethod 0x000002624a654888
Event: 34.949 Thread 0x000002625f296d60 flushing  nmethod 0x000002624a70ae08
Event: 34.949 Thread 0x000002625f296d60 flushing  nmethod 0x000002624a8bde08
Event: 34.949 Thread 0x000002625f296d60 flushing  nmethod 0x000002624a96c908
Event: 34.949 Thread 0x000002625f296d60 flushing  nmethod 0x000002624a99c308
Event: 34.949 Thread 0x000002625f296d60 flushing  nmethod 0x000002624aa16908
Event: 34.949 Thread 0x000002625f296d60 flushing  nmethod 0x000002624aa42608
Event: 34.949 Thread 0x000002625f296d60 flushing  nmethod 0x000002624aad4588
Event: 34.949 Thread 0x000002625f296d60 flushing  nmethod 0x000002624aaed708
Event: 34.949 Thread 0x000002625f296d60 flushing  nmethod 0x000002624aaedb08
Event: 34.949 Thread 0x000002625f296d60 flushing  nmethod 0x000002624abaa908

Events (20 events):
Event: 36.093 Thread 0x0000026266a76dc0 Thread exited: 0x0000026266a76dc0
Event: 36.093 Thread 0x0000026266a77590 Thread exited: 0x0000026266a77590
Event: 36.095 Thread 0x00000262649f1580 Thread added: 0x0000026266a72f40
Event: 36.097 Thread 0x0000026266a72f40 Thread added: 0x0000026266a717d0
Event: 36.097 Thread 0x0000026266a72f40 Thread added: 0x0000026266a73710
Event: 36.097 Thread 0x0000026266a72f40 Thread added: 0x0000026266a746b0
Event: 36.097 Thread 0x0000026266a72f40 Thread added: 0x0000026266a73ee0
Event: 36.097 Thread 0x0000026266a72f40 Thread added: 0x0000026266a74e80
Event: 36.097 Thread 0x0000026266a72f40 Thread added: 0x0000026266a75e20
Event: 36.098 Thread 0x0000026266a72f40 Thread added: 0x0000026266a75650
Event: 36.115 Thread 0x0000026266a746b0 Thread exited: 0x0000026266a746b0
Event: 36.115 Thread 0x0000026266a717d0 Thread exited: 0x0000026266a717d0
Event: 36.115 Thread 0x0000026266a73710 Thread exited: 0x0000026266a73710
Event: 36.115 Thread 0x0000026266a73ee0 Thread exited: 0x0000026266a73ee0
Event: 36.115 Thread 0x0000026266a75e20 Thread exited: 0x0000026266a75e20
Event: 36.115 Thread 0x0000026266a75650 Thread exited: 0x0000026266a75650
Event: 36.116 Thread 0x0000026266a74e80 Thread exited: 0x0000026266a74e80
Event: 36.117 Thread 0x0000026266a72f40 Thread exited: 0x0000026266a72f40
Event: 38.248 Thread 0x00000262646960b0 Thread exited: 0x00000262646960b0
Event: 38.363 Thread 0x0000026241a23820 Thread added: 0x0000026264212620


Dynamic libraries:
0x00007ff7e9c60000 - 0x00007ff7e9c70000 	C:\Program Files\Java\jdk-25\bin\java.exe
0x00007ffc1ec10000 - 0x00007ffc1ee08000 	C:\WINDOWS\SYSTEM32\ntdll.dll
0x00007ffbedac0000 - 0x00007ffbedae0000 	C:\Program Files\Avast Software\Avast\aswhook.dll
0x00007ffc1ea10000 - 0x00007ffc1ead2000 	C:\WINDOWS\System32\KERNEL32.DLL
0x00007ffc1c490000 - 0x00007ffc1c786000 	C:\WINDOWS\System32\KERNELBASE.dll
0x00007ffc1c9f0000 - 0x00007ffc1caf0000 	C:\WINDOWS\System32\ucrtbase.dll
0x00007ffc0ac20000 - 0x00007ffc0ac37000 	C:\Program Files\Java\jdk-25\bin\jli.dll
0x00007ffc1e090000 - 0x00007ffc1e22d000 	C:\WINDOWS\System32\USER32.dll
0x00007ffc1caf0000 - 0x00007ffc1cb12000 	C:\WINDOWS\System32\win32u.dll
0x00007ffc1eba0000 - 0x00007ffc1ebcb000 	C:\WINDOWS\System32\GDI32.dll
0x00007ffc1cb20000 - 0x00007ffc1cc39000 	C:\WINDOWS\System32\gdi32full.dll
0x00007ffc1c950000 - 0x00007ffc1c9ed000 	C:\WINDOWS\System32\msvcp_win.dll
0x00007ffc08750000 - 0x00007ffc0876e000 	C:\Program Files\Java\jdk-25\bin\VCRUNTIME140.dll
0x00007ffc0b370000 - 0x00007ffc0b60b000 	C:\WINDOWS\WinSxS\amd64_microsoft.windows.common-controls_6595b64144ccf1df_6.0.19041.6280_none_60bc30a171f2f3f3\COMCTL32.dll
0x00007ffc1d3d0000 - 0x00007ffc1d46e000 	C:\WINDOWS\System32\msvcrt.dll
0x00007ffc1d150000 - 0x00007ffc1d17f000 	C:\WINDOWS\System32\IMM32.DLL
0x00007ffc15420000 - 0x00007ffc1542c000 	C:\Program Files\Java\jdk-25\bin\vcruntime140_1.dll
0x00007ffbfe620000 - 0x00007ffbfe6ad000 	C:\Program Files\Java\jdk-25\bin\msvcp140.dll
0x00007ffbba830000 - 0x00007ffbbb68f000 	C:\Program Files\Java\jdk-25\bin\server\jvm.dll
0x00007ffc1df20000 - 0x00007ffc1dfd1000 	C:\WINDOWS\System32\ADVAPI32.dll
0x00007ffc1dd60000 - 0x00007ffc1ddff000 	C:\WINDOWS\System32\sechost.dll
0x00007ffc1d1e0000 - 0x00007ffc1d300000 	C:\WINDOWS\System32\RPCRT4.dll
0x00007ffc1c920000 - 0x00007ffc1c947000 	C:\WINDOWS\System32\bcrypt.dll
0x00007ffc1deb0000 - 0x00007ffc1df1b000 	C:\WINDOWS\System32\WS2_32.dll
0x00007ffc1bcc0000 - 0x00007ffc1bd0b000 	C:\WINDOWS\SYSTEM32\POWRPROF.dll
0x00007ffc08e00000 - 0x00007ffc08e27000 	C:\WINDOWS\SYSTEM32\WINMM.dll
0x00007ffc133d0000 - 0x00007ffc133da000 	C:\WINDOWS\SYSTEM32\VERSION.dll
0x00007ffc1bca0000 - 0x00007ffc1bcb2000 	C:\WINDOWS\SYSTEM32\UMPDC.dll
0x00007ffc1aa90000 - 0x00007ffc1aaa2000 	C:\WINDOWS\SYSTEM32\kernel.appcore.dll
0x00007ffc11950000 - 0x00007ffc1195a000 	C:\Program Files\Java\jdk-25\bin\jimage.dll
0x00007ffc1a780000 - 0x00007ffc1a981000 	C:\WINDOWS\SYSTEM32\DBGHELP.DLL
0x00007ffc120e0000 - 0x00007ffc12114000 	C:\WINDOWS\SYSTEM32\dbgcore.DLL
0x00007ffc1c790000 - 0x00007ffc1c812000 	C:\WINDOWS\System32\bcryptPrimitives.dll
0x00007ffc07b10000 - 0x00007ffc07b2f000 	C:\Program Files\Java\jdk-25\bin\java.dll
0x00007ffc1ccc0000 - 0x00007ffc1cdeb000 	C:\WINDOWS\System32\ole32.dll
0x00007ffc1cdf0000 - 0x00007ffc1d143000 	C:\WINDOWS\System32\combase.dll
0x00007ffc1e230000 - 0x00007ffc1e9a0000 	C:\WINDOWS\System32\SHELL32.dll
0x00007ffc19f00000 - 0x00007ffc1a6a5000 	C:\WINDOWS\SYSTEM32\windows.storage.dll
0x00007ffc1bb30000 - 0x00007ffc1bb5b000 	C:\WINDOWS\SYSTEM32\Wldp.dll
0x00007ffc1d300000 - 0x00007ffc1d3cd000 	C:\WINDOWS\System32\OLEAUT32.dll
0x00007ffc1dfe0000 - 0x00007ffc1e08d000 	C:\WINDOWS\System32\SHCORE.dll
0x00007ffc1eb40000 - 0x00007ffc1eb9b000 	C:\WINDOWS\System32\shlwapi.dll
0x00007ffc1c1e0000 - 0x00007ffc1c204000 	C:\WINDOWS\SYSTEM32\profapi.dll
0x00007ffc07890000 - 0x00007ffc078a2000 	C:\Program Files\Java\jdk-25\bin\net.dll
0x00007ffc1b910000 - 0x00007ffc1b97a000 	C:\WINDOWS\system32\mswsock.dll
0x00007ffbfcbe0000 - 0x00007ffbfcbf6000 	C:\Program Files\Java\jdk-25\bin\nio.dll
0x00007ffbfbe00000 - 0x00007ffbfbe17000 	C:\Program Files\Java\jdk-25\bin\zip.dll
0x00007ffc0acd0000 - 0x00007ffc0acda000 	C:\Program Files\Java\jdk-25\bin\management.dll
0x00007ffc0ac10000 - 0x00007ffc0ac1c000 	C:\Program Files\Java\jdk-25\bin\management_ext.dll
0x00007ffc1ea00000 - 0x00007ffc1ea08000 	C:\WINDOWS\System32\PSAPI.DLL
0x00007ffc0a1d0000 - 0x00007ffc0a1de000 	C:\Program Files\Java\jdk-25\bin\sunmscapi.dll
0x00007ffc1c330000 - 0x00007ffc1c48d000 	C:\WINDOWS\System32\CRYPT32.dll
0x00007ffc1bd50000 - 0x00007ffc1bd77000 	C:\WINDOWS\SYSTEM32\ncrypt.dll
0x00007ffc1bd10000 - 0x00007ffc1bd4b000 	C:\WINDOWS\SYSTEM32\NTASN1.dll
0x00007ffc1bb70000 - 0x00007ffc1bb88000 	C:\WINDOWS\SYSTEM32\CRYPTSP.dll
0x00007ffc1b250000 - 0x00007ffc1b288000 	C:\WINDOWS\system32\rsaenh.dll
0x00007ffc1c160000 - 0x00007ffc1c18e000 	C:\WINDOWS\SYSTEM32\USERENV.dll
0x00007ffc1baa0000 - 0x00007ffc1baac000 	C:\WINDOWS\SYSTEM32\CRYPTBASE.dll
0x00007ffc1b610000 - 0x00007ffc1b64b000 	C:\WINDOWS\SYSTEM32\IPHLPAPI.DLL
0x00007ffc1d850000 - 0x00007ffc1d858000 	C:\WINDOWS\System32\NSI.dll
0x00007ffc08e50000 - 0x00007ffc08e60000 	C:\Program Files\Java\jdk-25\bin\verify.dll
0x00007ffc1b650000 - 0x00007ffc1b71a000 	C:\WINDOWS\SYSTEM32\DNSAPI.dll
0x00007ffc0c940000 - 0x00007ffc0c94a000 	C:\Windows\System32\rasadhlp.dll
0x00007ffc13cd0000 - 0x00007ffc13d50000 	C:\WINDOWS\System32\fwpuclnt.dll
0x00007ffc09f50000 - 0x00007ffc09f59000 	C:\Program Files\Java\jdk-25\bin\extnet.dll

JVMTI agents: none

dbghelp: loaded successfully - version: 4.0.5 - missing functions: none
symbol engine: initialized successfully - sym options: 0x614 - pdb path: .;C:\Program Files\Java\jdk-25\bin;C:\WINDOWS\SYSTEM32;C:\Program Files\Avast Software\Avast;C:\WINDOWS\WinSxS\amd64_microsoft.windows.common-controls_6595b64144ccf1df_6.0.19041.6280_none_60bc30a171f2f3f3;C:\Program Files\Java\jdk-25\bin\server

VM Arguments:
jvm_args: -XX:+ShowCodeDetailsInExceptionMessages 
java_command: com.nave.spring356.nave.NaveApplication
java_class_path (initial): D:\ProyectosBackend\Spring Boot\nave\target\classes;C:\Users\pc\.m2\repository\org\springframework\boot\spring-boot-starter-data-jpa\3.5.6\spring-boot-starter-data-jpa-3.5.6.jar;C:\Users\pc\.m2\repository\org\springframework\boot\spring-boot-starter\3.5.6\spring-boot-starter-3.5.6.jar;C:\Users\pc\.m2\repository\org\springframework\boot\spring-boot-starter-logging\3.5.6\spring-boot-starter-logging-3.5.6.jar;C:\Users\pc\.m2\repository\ch\qos\logback\logback-classic\1.5.18\logback-classic-1.5.18.jar;C:\Users\pc\.m2\repository\ch\qos\logback\logback-core\1.5.18\logback-core-1.5.18.jar;C:\Users\pc\.m2\repository\org\apache\logging\log4j\log4j-to-slf4j\2.24.3\log4j-to-slf4j-2.24.3.jar;C:\Users\pc\.m2\repository\org\apache\logging\log4j\log4j-api\2.24.3\log4j-api-2.24.3.jar;C:\Users\pc\.m2\repository\org\slf4j\jul-to-slf4j\2.0.17\jul-to-slf4j-2.0.17.jar;C:\Users\pc\.m2\repository\jakarta\annotation\jakarta.annotation-api\2.1.1\jakarta.annotation-api-2.1.1.jar;C:\Users\pc\.m2\repository\org\yaml\snakeyaml\2.4\snakeyaml-2.4.jar;C:\Users\pc\.m2\repository\org\springframework\boot\spring-boot-starter-jdbc\3.5.6\spring-boot-starter-jdbc-3.5.6.jar;C:\Users\pc\.m2\repository\com\zaxxer\HikariCP\6.3.3\HikariCP-6.3.3.jar;C:\Users\pc\.m2\repository\org\springframework\spring-jdbc\6.2.11\spring-jdbc-6.2.11.jar;C:\Users\pc\.m2\repository\org\hibernate\orm\hibernate-core\6.6.29.Final\hibernate-core-6.6.29.Final.jar;C:\Users\pc\.m2\repository\jakarta\persistence\jakarta.persistence-api\3.1.0\jakarta.persistence-api-3.1.0.jar;C:\Users\pc\.m2\repository\jakarta\transaction\jakarta.transaction-api\2.0.1\jakarta.transaction-api-2.0.1.jar;C:\Users\pc\.m2\repository\org\jboss\logging\jboss-logging\3.6.1.Final\jboss-logging-3.6.1.Final.jar;C:\Users\pc\.m2\repository\org\hibernate\common\hibernate-commons-annotations\7.0.3.Final\hibernate-commons-annotations-7.0.3.Final.jar;C:\Users\pc\.m2\repository\io\smallrye\jandex\3.2.0\jandex-3.2.0.jar;C:\Users\pc\.m2\repository\com\fasterxml\classmate\1.7.0\classmate-1.7.0.jar;C:\Users\pc\.m2\repository\net\bytebuddy\byte-buddy\1.17.7\byte-buddy-1.17.7.jar;C:\Users\pc\.m2\repository\org\glassfish\jaxb\jaxb-runtime\4.0.5\jaxb-runtime-4.0.5.jar;C:\Users\pc\.m2\repository\org\glassfish\jaxb\jaxb-core\4.0.5\jaxb-core-4.0.5.jar;C:\Users\pc\.m2\repository\org\eclipse\angus\angus-activation\2.0.2\angus-activation-2.0.2.jar;C:\Users\pc\.m2\repository\org\glassfish\jaxb\txw2\4.0.5\txw2-4.0.5.jar;C:\Users\pc\.m2\repository\com\sun\istack\istack-commons-runtime\4.1.2\istack-commons-runtime-4.1.2.jar;C:\Users\pc\.m2\repository\jakarta\inject\jakarta.inject-api\2.0.1\jakarta.inject-api-2.0.1.jar;C:\Users\pc\.m2\repository\org\antlr\antlr4-runtime\4.13.0\antlr4-runtime-4.13.0.jar;C:\Users\pc\.m2\repository\org\springframework\data\spring-data-jpa\3.5.4\spring-data-jpa-3.5.4.jar;C:\Users\pc\.m2\repository\org\springframework\data\spring-data-commons\3.5.4\spring-data-commons-3.5.4.jar;C:\Users\pc\.m2\repository\org\springframework\spring-orm\6.2.11\spring-orm-6.2.11.jar;C:\Users\pc\.m2\repository\org\springframework\spring-context\6.2.11\spring-context-6.2.11.jar;C:\Users\pc\.m2\repository\org\springframework\spring-aop\6.2.11\spring-aop-6.2.11.jar;C:\Users\pc\.m2\repository\org\springframework\spring-tx\6.2.11\spring-tx-6.2.11.jar;C:\Users\pc\.m2\repository\org\springframework\spring-beans\6.2.11\spring-beans-6.2.11.jar;C:\Users\pc\.m2\repository\org\slf4j\slf4j-api\2.0.17\slf4j-api-2.0.17.jar;C:\Users\pc\.m2\repository\org\springframework\spring-aspects\6.2.11\spring-aspects-6.2.11.jar;C:\Users\pc\.m2\repository\org\aspectj\aspectjweaver\1.9.24\aspectjweaver-1.9.24.jar;C:\Users\pc\.m2\repository\org\springframework\boot\spring-boot-starter-web\3.5.6\spring-boot-starter-web-3.5.6.jar;C:\Users\pc\.m2\repository\org\springframework\boot\spring-boot-starter-json\3.5.6\spring-boot-starter-json-3.5.6.jar;C:\Users\pc\.m2\repository\com\fasterxml\jackson\core\jackson-databind\2.19.2\jackson-databind-2.19.2.jar;C:\Users\pc\.m2\repository\com\fasterxml\jackson\core\jackson-annotations\2.19.2\jackson-annotations-2.19.2.jar;C:\Users\pc\.m2\repository\com\fasterxml\jackson\core\jackson-core\2.19.2\jackson-core-2.19.2.jar;C:\Users\pc\.m2\repository\com\fasterxml\jackson\datatype\jackson-datatype-jdk8\2.19.2\jackson-datatype-jdk8-2.19.2.jar;C:\Users\pc\.m2\repository\com\fasterxml\jackson\datatype\jackson-datatype-jsr310\2.19.2\jackson-datatype-jsr310-2.19.2.jar;C:\Users\pc\.m2\repository\com\fasterxml\jackson\module\jackson-module-parameter-names\2.19.2\jackson-module-parameter-names-2.19.2.jar;C:\Users\pc\.m2\repository\org\springframework\boot\spring-boot-starter-tomcat\3.5.6\spring-boot-starter-tomcat-3.5.6.jar;C:\Users\pc\.m2\repository\org\apache\tomcat\embed\tomcat-embed-core\10.1.46\tomcat-embed-core-10.1.46.jar;C:\Users\pc\.m2\repository\org\apache\tomcat\embed\tomcat-embed-websocket\10.1.46\tomcat-embed-websocket-10.1.46.jar;C:\Users\pc\.m2\repository\org\springframework\spring-web\6.2.11\spring-web-6.2.11.jar;C:\Users\pc\.m2\repository\io\micrometer\micrometer-observation\1.15.4\micrometer-observation-1.15.4.jar;C:\Users\pc\.m2\repository\io\micrometer\micrometer-commons\1.15.4\micrometer-commons-1.15.4.jar;C:\Users\pc\.m2\repository\org\springframework\spring-webmvc\6.2.11\spring-webmvc-6.2.11.jar;C:\Users\pc\.m2\repository\org\springframework\spring-expression\6.2.11\spring-expression-6.2.11.jar;C:\Users\pc\.m2\repository\org\springframework\boot\spring-boot-devtools\3.5.6\spring-boot-devtools-3.5.6.jar;C:\Users\pc\.m2\repository\org\springframework\boot\spring-boot\3.5.6\spring-boot-3.5.6.jar;C:\Users\pc\.m2\repository\org\springframework\boot\spring-boot-autoconfigure\3.5.6\spring-boot-autoconfigure-3.5.6.jar;C:\Users\pc\.m2\repository\org\postgresql\postgresql\42.7.7\postgresql-42.7.7.jar;C:\Users\pc\.m2\repository\org\checkerframework\checker-qual\3.49.3\checker-qual-3.49.3.jar;C:\Users\pc\.m2\repository\org\springframework\boot\spring-boot-starter-validation\3.5.6\spring-boot-starter-validation-3.5.6.jar;C:\Users\pc\.m2\repository\org\apache\tomcat\embed\tomcat-embed-el\10.1.46\tomcat-embed-el-10.1.46.jar;C:\Users\pc\.m2\repository\org\hibernate\validator\hibernate-validator\8.0.3.Final\hibernate-validator-8.0.3.Final.jar;C:\Users\pc\.m2\repository\jakarta\validation\jakarta.validation-api\3.0.2\jakarta.validation-api-3.0.2.jar;C:\Users\pc\.m2\repository\org\projectlombok\lombok\1.18.28\lombok-1.18.28.jar;C:\Users\pc\.m2\repository\org\springdoc\springdoc-openapi-starter-webmvc-ui\2.0.3\springdoc-openapi-starter-webmvc-ui-2.0.3.jar;C:\Users\pc\.m2\repository\org\springdoc\springdoc-openapi-starter-webmvc-api\2.0.3\springdoc-openapi-starter-webmvc-api-2.0.3.jar;C:\Users\pc\.m2\repository\org\springdoc\springdoc-openapi-starter-common\2.0.3\springdoc-openapi-starter-common-2.0.3.jar;C:\Users\pc\.m2\repository\io\swagger\core\v3\swagger-core-jakarta\2.2.8\swagger-core-jakarta-2.2.8.jar;C:\Users\pc\.m2\repository\org\apache\commons\commons-lang3\3.17.0\commons-lang3-3.17.0.jar;C:\Users\pc\.m2\repository\io\swagger\core\v3\swagger-annotations-jakarta\2.2.8\swagger-annotations-jakarta-2.2.8.jar;C:\Users\pc\.m2\repository\io\swagger\core\v3\swagger-models-jakarta\2.2.8\swagger-models-jakarta-2.2.8.jar;C:\Users\pc\.m2\repository\com\fasterxml\jackson\dataformat\jackson-dataformat-yaml\2.19.2\jackson-dataformat-yaml-2.19.2.jar;C:\Users\pc\.m2\repository\org\webjars\swagger-ui\4.17.1\swagger-ui-4.17.1.jar;C:\Users\pc\.m2\repository\org\webjars\webjars-locator-core\0.59\webjars-locator-core-0.59.jar;C:\Users\pc\.m2\repository\io\github\classgraph\classgraph\4.8.149\classgraph-4.8.149.jar;C:\Users\pc\.m2\repository\jakarta\xml\bind\jakarta.xml.bind-api\4.0.2\jakarta.xml.bind-api-4.0.2.jar;C:\Users\pc\.m2\repository\jakarta\activation\jakarta.activation-api\2.1.4\jakarta.activation-api-2.1.4.jar;C:\Users\pc\.m2\repository\org\springframework\spring-core\6.2.11\spring-core-6.2.11.jar;C:\Users\pc\.m2\repository\org\springframework\spring-jcl\6.2.11\spring-jcl-6.2.11.jar;C:\Users\pc\.m2\repository\org\mapstruct\mapstruct\1.6.3\mapstruct-1.6.3.jar
Launcher Type: SUN_STANDARD

[Global flags]
     intx CICompilerCount                          = 3                                         {product} {ergonomic}
     uint ConcGCThreads                            = 1                                         {product} {ergonomic}
     uint G1ConcRefinementThreads                  = 4                                         {product} {ergonomic}
   size_t G1HeapRegionSize                         = 2097152                                   {product} {ergonomic}
   size_t InitialHeapSize                          = 201326592                                 {product} {ergonomic}
   size_t MarkStackSize                            = 4194304                                   {product} {ergonomic}
   size_t MarkStackSizeMax                         = 536870912                                 {product} {ergonomic}
   size_t MaxHeapSize                              = 3200253952                                {product} {ergonomic}
   size_t MaxNewSize                               = 1918894080                                {product} {ergonomic}
   size_t MinHeapDeltaBytes                        = 2097152                                   {product} {ergonomic}
   size_t MinHeapSize                              = 8388608                                   {product} {ergonomic}
    uintx NonNMethodCodeHeapSize                   = 5832704                                {pd product} {ergonomic}
    uintx NonProfiledCodeHeapSize                  = 122945536                              {pd product} {ergonomic}
    uintx ProfiledCodeHeapSize                     = 122880000                              {pd product} {ergonomic}
    uintx ReservedCodeCacheSize                    = 251658240                              {pd product} {ergonomic}
     bool SegmentedCodeCache                       = true                                      {product} {ergonomic}
     bool ShowCodeDetailsInExceptionMessages       = true                                   {manageable} {command line}
   size_t SoftMaxHeapSize                          = 3200253952                             {manageable} {ergonomic}
     bool UseCompressedOops                        = true                           {product lp64_product} {ergonomic}
     bool UseG1GC                                  = true                                      {product} {ergonomic}
     bool UseLargePagesIndividualAllocation        = false                                  {pd product} {ergonomic}

Logging:
Log output configuration:
 #0: stdout all=warning uptime,level,tags foldmultilines=false
 #1: stderr all=off uptime,level,tags foldmultilines=false

Release file:
IMPLEMENTOR="Oracle Corporation" 
JAVA_RUNTIME_VERSION="25+37-LTS-3491" 
JAVA_VERSION="25" 
JAVA_VERSION_DATE="2025-09-16" 
LIBC="default" 
MODULES="java.base java.compiler java.datatransfer java.xml java.prefs java.desktop java.instrument java.logging java.management java.security.sasl java.naming java.rmi java.management.rmi java.net.http java.scripting java.security.jgss java.transaction.xa java.sql java.sql.rowset java.xml.crypto java.se java.smartcardio jdk.accessibility jdk.internal.jvmstat jdk.attach jdk.charsets jdk.internal.opt jdk.zipfs jdk.compiler jdk.crypto.cryptoki jdk.crypto.ec jdk.crypto.mscapi jdk.dynalink jdk.internal.ed jdk.editpad jdk.internal.vm.ci jdk.graal.compiler jdk.graal.compiler.management jdk.hotspot.agent jdk.httpserver jdk.incubator.vector jdk.internal.le jdk.internal.md jdk.jartool jdk.javadoc jdk.jcmd jdk.management jdk.management.agent jdk.jconsole jdk.jdeps jdk.jdwp.agent jdk.jdi jdk.jfr jdk.jlink jdk.jpackage jdk.jshell jdk.jsobject jdk.jstatd jdk.localedata jdk.management.jfr jdk.naming.dns jdk.naming.rmi jdk.net jdk.nio.mapmode jdk.sctp jdk.security.auth jdk.security.jgss jdk.unsupported jdk.unsupported.desktop jdk.xml.dom" 
OS_ARCH="x86_64" 
OS_NAME="Windows" 
SOURCE=".:git:49d6a23b8806 open:git:6c48f4ed707b" 

Environment Variables:
JAVA_HOME=C:\Program Files\Java\jdk-25
PATH=C:\Python311\Scripts\;C:\Python311\;C:\Program Files\Common Files\Oracle\Java\javapath;C:\Program Files (x86)\Common Files\Oracle\Java\java8path;C:\Program Files (x86)\Common Files\Oracle\Java\javapath;C:\oraclexe\app\oracle\product\11.2.0\server\bin;C:\ProgramData\Oracle\Java\javapath;C:\WINDOWS\system32;C:\WINDOWS;C:\WINDOWS\System32\Wbem;C:\WINDOWS\System32\WindowsPowerShell\v1.0\;C:\WINDOWS\System32\OpenSSH\;C:\Users\pc\.dnx\bin;C:\Program Files\Microsoft DNX\Dnvm\;C:\Program Files\Microsoft SQL Server\120\Tools\Binn\;C:\Program Files\Microsoft SQL Server\130\Tools\Binn\;C:\Program Files\Java\jdk1.8.0_111\bin;D:\bin;D:\nvm;D:\NodeJS;C:\Program Files\apache-maven-3.9.11\bin;C:\Program Files\Java\jdk-17\bin;C:\ProgramData\chocolatey\bin;C:\Program Files\nodejs\;C:\Program Files\Git\cmd;c:\Users\pc\AppData\Local\Programs\cursor\resources\app\bin;C:\Program Files\Docker\Docker\resources\bin;C:\Program Files\Java\jdk-25\bin;C:\Users\pc\AppData\Local\Programs\Python\Python39\Scripts\;C:\Users\pc\AppData\Local\Programs\Python\Python39\;C:\Users\pc\AppData\Local\Microsoft\WindowsApps;D:\Microsoft VS Code\bin;D:\nvm;D:\NodeJS;C:\Users\pc\AppData\Roaming\npm;C:\Users\pc\AppData\Local\Programs\cursor\resources\app\bin
USERNAME=pc
LANG=en_US.UTF-8
OS=Windows_NT
PROCESSOR_IDENTIFIER=Intel64 Family 6 Model 78 Stepping 3, GenuineIntel
TMP=C:\Users\pc\AppData\Local\Temp
TEMP=C:\Users\pc\AppData\Local\Temp




Compilation memory statistics disabled.

Periodic native trim disabled

---------------  S Y S T E M  ---------------

OS:
 Windows 10 , 64 bit Build 19041 (10.0.19041.5915)
OS uptime: 5 days 1:57 hours
Hyper-V role detected

CPU: total 4 (initial active 4) (2 cores per cpu, 2 threads per core) family 6 model 78 stepping 3 microcode 0xcc, cx8, cmov, fxsr, ht, mmx, 3dnowpref, sse, sse2, sse3, ssse3, sse4.1, sse4.2, popcnt, lzcnt, tsc, tscinvbit, avx, avx2, aes, erms, clmul, bmi1, bmi2, adx, fma, vzeroupper, clflush, clflushopt, hv, rdtscp, f16c
Processor Information for the first 4 processors :
  Max Mhz: 2000, Current Mhz: 2000, Mhz Limit: 2000

Memory: 4k page, system-wide physical 12204M (945M free)
TotalPageFile size 18985M (AvailPageFile size 96M)
current process WorkingSet (physical memory assigned to process): 301M, peak: 302M
current process commit charge ("private bytes"): 352M, peak: 367M

vm_info: Java HotSpot(TM) 64-Bit Server VM (25+37-LTS-3491) for windows-amd64 JRE (25+37-LTS-3491), built on 2025-08-14T21:13:00Z with unknown MS VC++:1943

END.
